c:\users\kyeonghun.kim\desktop\softrender-master\softrender-master\x64\debug\softrenderer.pch
c:\users\kyeonghun.kim\desktop\softrender-master\softrender-master\x64\debug\vc140.pdb
c:\users\kyeonghun.kim\desktop\softrender-master\softrender-master\x64\debug\vc140.idb
c:\users\kyeonghun.kim\desktop\softrender-master\softrender-master\x64\debug\stdafx.obj
c:\users\kyeonghun.kim\desktop\softrender-master\softrender-master\x64\debug\gdihelper.obj
c:\users\kyeonghun.kim\desktop\softrender-master\softrender-master\x64\debug\matrix2.obj
c:\users\kyeonghun.kim\desktop\softrender-master\softrender-master\x64\debug\matrix3.obj
c:\users\kyeonghun.kim\desktop\softrender-master\softrender-master\x64\debug\renderer.obj
c:\users\kyeonghun.kim\desktop\softrender-master\softrender-master\x64\debug\softrenderer.obj
c:\users\kyeonghun.kim\desktop\softrender-master\softrender-master\x64\debug\vector2.obj
c:\users\kyeonghun.kim\desktop\softrender-master\softrender-master\x64\debug\vector3.obj
c:\users\kyeonghun.kim\desktop\softrender-master\softrender-master\x64\debug\softrenderer.res
c:\users\kyeonghun.kim\desktop\softrender-master\softrender-master\x64\debug\softrenderer.ilk
c:\users\kyeonghun.kim\desktop\softrender-master\softrender-master\x64\debug\softrenderer.pdb
c:\users\kyeonghun.kim\desktop\softrender-master\softrender-master\x64\debug\softrenderer.exe
c:\users\kyeonghun.kim\desktop\softrender-master\softrender-master\x64\debug\softrenderer.tlog\cl.command.1.tlog
c:\users\kyeonghun.kim\desktop\softrender-master\softrender-master\x64\debug\softrenderer.tlog\cl.read.1.tlog
c:\users\kyeonghun.kim\desktop\softrender-master\softrender-master\x64\debug\softrenderer.tlog\cl.write.1.tlog
c:\users\kyeonghun.kim\desktop\softrender-master\softrender-master\x64\debug\softrenderer.tlog\link.command.1.tlog
c:\users\kyeonghun.kim\desktop\softrender-master\softrender-master\x64\debug\softrenderer.tlog\link.read.1.tlog
c:\users\kyeonghun.kim\desktop\softrender-master\softrender-master\x64\debug\softrenderer.tlog\link.write.1.tlog
c:\users\kyeonghun.kim\desktop\softrender-master\softrender-master\x64\debug\softrenderer.tlog\rc.command.1.tlog
c:\users\kyeonghun.kim\desktop\softrender-master\softrender-master\x64\debug\softrenderer.tlog\rc.read.1.tlog
c:\users\kyeonghun.kim\desktop\softrender-master\softrender-master\x64\debug\softrenderer.tlog\rc.write.1.tlog
